Determining if the pthread_create exist failed with the following output:
Change Dir: /home/mac/Developer/ros-examples/src/lidar/CMakeFiles/CMakeTmp

Run Build Command:"/usr/bin/make" "cmTryCompileExec109704619/fast"
/usr/bin/make -f CMakeFiles/cmTryCompileExec109704619.dir/build.make CMakeFiles/cmTryCompileExec109704619.dir/build
make[1]: Entering directory `/home/mac/Developer/ros-examples/src/lidar/CMakeFiles/CMakeTmp'
/usr/bin/cmake -E cmake_progress_report /home/mac/Developer/ros-examples/src/lidar/CMakeFiles/CMakeTmp/CMakeFiles 1
Building C object CMakeFiles/cmTryCompileExec109704619.dir/CheckSymbolExists.c.o
/usr/bin/cc    -o CMakeFiles/cmTryCompileExec109704619.dir/CheckSymbolExists.c.o   -c /home/mac/Developer/ros-examples/src/lidar/CMakeFiles/CMakeTmp/CheckSymbolExists.c
Linking C executable cmTryCompileExec109704619
/usr/bin/cmake -E cmake_link_script CMakeFiles/cmTryCompileExec109704619.dir/link.txt --verbose=1
/usr/bin/cc       CMakeFiles/cmTryCompileExec109704619.dir/CheckSymbolExists.c.o  -o cmTryCompileExec109704619 -rdynamic 
CMakeFiles/cmTryCompileExec109704619.dir/CheckSymbolExists.c.o: In function `main':
CheckSymbolExists.c:(.text+0x16): undefined reference to `pthread_create'
collect2: error: ld returned 1 exit status
make[1]: Leaving directory `/home/mac/Developer/ros-examples/src/lidar/CMakeFiles/CMakeTmp'
make[1]: *** [cmTryCompileExec109704619] Error 1
make: *** [cmTryCompileExec109704619/fast] Error 2

File /home/mac/Developer/ros-examples/src/lidar/CMakeFiles/CMakeTmp/CheckSymbolExists.c:
/* */
#include <pthread.h>

int main(int argc, char** argv)
{
  (void)argv;
#ifndef pthread_create
  return ((int*)(&pthread_create))[argc];
#else
  (void)argc;
  return 0;
#endif
}

Determining if the function pthread_create exists in the pthreads failed with the following output:
Change Dir: /home/mac/Developer/ros-examples/src/lidar/CMakeFiles/CMakeTmp

Run Build Command:"/usr/bin/make" "cmTryCompileExec1623270330/fast"
/usr/bin/make -f CMakeFiles/cmTryCompileExec1623270330.dir/build.make CMakeFiles/cmTryCompileExec1623270330.dir/build
make[1]: Entering directory `/home/mac/Developer/ros-examples/src/lidar/CMakeFiles/CMakeTmp'
/usr/bin/cmake -E cmake_progress_report /home/mac/Developer/ros-examples/src/lidar/CMakeFiles/CMakeTmp/CMakeFiles 1
Building C object CMakeFiles/cmTryCompileExec1623270330.dir/CheckFunctionExists.c.o
/usr/bin/cc   -DCHECK_FUNCTION_EXISTS=pthread_create   -o CMakeFiles/cmTryCompileExec1623270330.dir/CheckFunctionExists.c.o   -c /usr/share/cmake-3.2/Modules/CheckFunctionExists.c
Linking C executable cmTryCompileExec1623270330
/usr/bin/cmake -E cmake_link_script CMakeFiles/cmTryCompileExec1623270330.dir/link.txt --verbose=1
/usr/bin/cc   -DCHECK_FUNCTION_EXISTS=pthread_create    CMakeFiles/cmTryCompileExec1623270330.dir/CheckFunctionExists.c.o  -o cmTryCompileExec1623270330 -rdynamic -lpthreads 
/usr/bin/ld: cannot find -lpthreads
collect2: error: ld returned 1 exit status
make[1]: Leaving directory `/home/mac/Developer/ros-examples/src/lidar/CMakeFiles/CMakeTmp'
make[1]: *** [cmTryCompileExec1623270330] Error 1
make: *** [cmTryCompileExec1623270330/fast] Error 2


